#
# A fatal error has been detected by the Java Runtime Environment:
#
#  EXCEPTION_ACCESS_VIOLATION (0xc0000005) at pc=0x000001b34e21508f, pid=11672, tid=6148
#
# JRE version: Java(TM) SE Runtime Environment (11.0.2+9) (build 11.0.2+9-LTS)
# Java VM: Java HotSpot(TM) 64-Bit Server VM (11.0.2+9-LTS, mixed mode, tiered, compressed oops, g1 gc, windows-amd64)
# Problematic frame:
# J 438 c2 java.lang.IndexOutOfBoundsException.<init>(Ljava/lang/String;)V java.base@11.0.2 (6 bytes) @ 0x000001b34e21508f [0x000001b34e215040+0x000000000000004f]
#
# No core dump will be written. Minidumps are not enabled by default on client versions of Windows
#
# If you would like to submit a bug report, please visit:
#   http://bugreport.java.com/bugreport/crash.jsp
#

---------------  S U M M A R Y ------------

Command Line: -Dfile.encoding=Cp1252 application.Program

Host: AMD FX(tm)-4300 Quad-Core Processor            , 4 cores, 11G,  Windows 10 , 64 bit Build 17763 (10.0.17763.292)
Time: Mon Feb 25 03:21:16 2019 Hora oficial do Brasil elapsed time: 183 seconds (0d 0h 3m 3s)

---------------  T H R E A D  ---------------

Current thread (0x000001b35f8b3800):  JavaThread "Thread-0" [_thread_in_Java, id=6148, stack(0x000000686da00000,0x000000686db00000)]

Stack: [0x000000686da00000,0x000000686db00000],  sp=0x000000686dafef20,  free space=1019k
Native frames: (J=compiled Java code, j=interpreted, Vv=VM code, C=native code)
C  0x000001b34e21508f


siginfo: EXCEPTION_ACCESS_VIOLATION (0xc0000005), writing address 0x0000000000000014


Register to memory mapping:

RIP=0x000001b34e21508f is at entry_point+79 in (nmethod*)0x000001b34e214e90
RAX=0x00000007475bfe28 is an oop: java.lang.String 
{0x00000007475bfe28} - klass: 'java/lang/String'
RBX=0x00000007475bfe28 is an oop: java.lang.String 
{0x00000007475bfe28} - klass: 'java/lang/String'
RCX=0x00000007475bfe70 is pointing into object: [B 
{0x00000007475bfe40} - klass: {type array byte}
 - length: 34
RDX=0x0 is NULL
RSP=0x000000686dafef20 is pointing into the stack for thread: 0x000001b35f8b3800
RBP=0x00000007475bfa78 is an oop: java.lang.IndexOutOfBoundsException 
{0x00000007475bfa78} - klass: 'java/lang/IndexOutOfBoundsException'
RSI=0x0000000000000022 is an unknown value
RDI=3907747771 is a compressed pointer to object: [B 
{0x00000007475bfdd8} - klass: {type array byte}
 - length: 16
R8 =0x00000007475bfe28 is an oop: java.lang.String 
{0x00000007475bfe28} - klass: 'java/lang/String'
R9 =0x0 is NULL
R10=0x0 is NULL
R11=0x0 is NULL
R12=0x0 is NULL
R13=0x0 is NULL
R14=3907747784 is a compressed pointer to object: [B 
{0x00000007475bfe40} - klass: {type array byte}
 - length: 34
R15=0x000001b35f8b3800 is a thread


Registers:
RAX=0x00000007475bfe28, RBX=0x00000007475bfe28, RCX=0x00000007475bfe70, RDX=0x0000000000000000
RSP=0x000000686dafef20, RBP=0x00000007475bfa78, RSI=0x0000000000000022, RDI=0x00000000e8eb7fbb
R8 =0x00000007475bfe28, R9 =0x0000000000000000, R10=0x0000000000000000, R11=0x0000000000000000
R12=0x0000000000000000, R13=0x0000000000000000, R14=0x00000000e8eb7fc8, R15=0x000001b35f8b3800
RIP=0x000001b34e21508f, EFLAGS=0x0000000000010256

Top of Stack: (sp=0x000000686dafef20)
0x000000686dafef20:   000001b35f8b3800 0000000000000002
0x000000686dafef30:   00000007475bfa60 dfe238aa00000000
0x000000686dafef40:   00000007475bfaa0 00000007475bfab8
0x000000686dafef50:   000001b35f8b3800 00000007475805a8
0x000000686dafef60:   0000000000000002 00000007475805a8
0x000000686dafef70:   00000007475bfa78 000001b34e22b380
0x000000686dafef80:   0000000000000000 000001b35f8b3800
0x000000686dafef90:   0000000000000000 00007fff02df80a0
0x000000686dafefa0:   e80809d200000000 00000007475bfa38
0x000000686dafefb0:   00000007475bfa48 0000000740404e90
0x000000686dafefc0:   00000000e80809d2 00000007475bfa60
0x000000686dafefd0:   000001b34e235688 00007fff02956596
0x000000686dafefe0:   0000000000000007 000001b34e235688
0x000000686dafeff0:   000008210ed8a014 0000000000000000
0x000000686daff000:   000001b35f8b3800 00007fff02e063e5
0x000000686daff010:   0000000740400530 0000000000000005 

Instructions: (pc=0x000001b34e21508f)
0x000001b34e21506f:   24 28 41 80 7f 30 00 0f 85 42 03 00 00 4c 8b ea
0x000001b34e21507f:   4d 8b d5 4d 8b da 4d 33 da 4d 8b cd 49 c1 e9 03
0x000001b34e21508f:   45 89 4d 14 49 c1 eb 14 4d 85 db 74 53 49 c1 ea
0x000001b34e21509f:   09 48 b9 00 e0 30 52 b3 01 00 00 49 03 ca 80 39 


Stack slot to memory mapping:
stack at sp + 0 slots: 0x000001b35f8b3800 is a thread
stack at sp + 1 slots: 0x0000000000000002 is an unknown value
stack at sp + 2 slots: 0x00000007475bfa60 is an oop: java.util.ImmutableCollections$List12 
{0x00000007475bfa60} - klass: 'java/util/ImmutableCollections$List12'
stack at sp + 3 slots: 0xdfe238aa00000000 is an unknown value
stack at sp + 4 slots: 0x00000007475bfaa0 is an oop: [Ljava.lang.Object; 
{0x00000007475bfaa0} - klass: 'java/lang/Object'[]
 - length: 2
stack at sp + 5 slots: 0x00000007475bfab8 is an oop: java.util.Formatter 
{0x00000007475bfab8} - klass: 'java/util/Formatter'
stack at sp + 6 slots: 0x000001b35f8b3800 is a thread
stack at sp + 7 slots: 0x00000007475805a8 is an oop: java.util.ImmutableCollections$List12 
{0x00000007475805a8} - klass: 'java/util/ImmutableCollections$List12'



---------------  P R O C E S S  ---------------

Threads class SMR info:
_java_thread_list=0x000001b35f856240, length=11, elements={
0x000001b35ee0a000, 0x000001b35ee14800, 0x000001b35f69f000, 0x000001b35f6a0000,
0x000001b35f6a1800, 0x000001b35f6fb800, 0x000001b35f6fe000, 0x000001b35f7f2000,
0x000001b35f7fc800, 0x000001b35f8b3800, 0x000001b33e3e2800
}

Java Threads: ( => current thread )
  0x000001b35ee0a000 JavaThread "Reference Handler" daemon [_thread_blocked, id=792, stack(0x000000686d000000,0x000000686d100000)]
  0x000001b35ee14800 JavaThread "Finalizer" daemon [_thread_blocked, id=7164, stack(0x000000686d100000,0x000000686d200000)]
  0x000001b35f69f000 JavaThread "Signal Dispatcher" daemon [_thread_blocked, id=10304, stack(0x000000686d200000,0x000000686d300000)]
  0x000001b35f6a0000 JavaThread "Attach Listener" daemon [_thread_blocked, id=11424, stack(0x000000686d300000,0x000000686d400000)]
  0x000001b35f6a1800 JavaThread "C2 CompilerThread0" daemon [_thread_blocked, id=9136, stack(0x000000686d400000,0x000000686d500000)]
  0x000001b35f6fb800 JavaThread "C1 CompilerThread0" daemon [_thread_blocked, id=12100, stack(0x000000686d500000,0x000000686d600000)]
  0x000001b35f6fe000 JavaThread "Sweeper thread" daemon [_thread_blocked, id=4552, stack(0x000000686d600000,0x000000686d700000)]
  0x000001b35f7f2000 JavaThread "Service Thread" daemon [_thread_blocked, id=7360, stack(0x000000686d700000,0x000000686d800000)]
  0x000001b35f7fc800 JavaThread "Common-Cleaner" daemon [_thread_blocked, id=12360, stack(0x000000686d900000,0x000000686da00000)]
=>0x000001b35f8b3800 JavaThread "Thread-0" [_thread_in_Java, id=6148, stack(0x000000686da00000,0x000000686db00000)]
  0x000001b33e3e2800 JavaThread "DestroyJavaVM" [_thread_blocked, id=13288, stack(0x000000686c900000,0x000000686ca00000)]

Other Threads:
  0x000001b35ee06000 VMThread "VM Thread" [stack: 0x000000686cf00000,0x000000686d000000] [id=6736]
  0x000001b35f7fa000 WatcherThread [stack: 0x000000686d800000,0x000000686d900000] [id=3700]
  0x000001b33e3f8800 GCTaskThread "GC Thread#0" [stack: 0x000000686ca00000,0x000000686cb00000] [id=496]
  0x000001b360372000 GCTaskThread "GC Thread#1" [stack: 0x000000686dc00000,0x000000686dd00000] [id=11416]
  0x000001b360970800 GCTaskThread "GC Thread#2" [stack: 0x000000686dd00000,0x000000686de00000] [id=5880]
  0x000001b36066f800 GCTaskThread "GC Thread#3" [stack: 0x000000686de00000,0x000000686df00000] [id=7948]
  0x000001b33e440000 ConcurrentGCThread "G1 Main Marker" [stack: 0x000000686cb00000,0x000000686cc00000] [id=7764]
  0x000001b33e441800 ConcurrentGCThread "G1 Conc#0" [stack: 0x000000686cc00000,0x000000686cd00000] [id=12716]
  0x000001b35ec6e800 ConcurrentGCThread "G1 Refine#0" [stack: 0x000000686cd00000,0x000000686ce00000] [id=6116]
  0x000001b35ec70000 ConcurrentGCThread "G1 Young RemSet Sampling" [stack: 0x000000686ce00000,0x000000686cf00000] [id=10060]

Threads with active compile tasks:

VM state:not at safepoint (normal execution)

VM Mutex/Monitor currently owned by a thread: None

Heap address: 0x0000000740400000, size: 3068 MB, Compressed Oops mode: Zero based, Oop shift amount: 3
Narrow klass base: 0x0000000800000000, Narrow klass shift: 0
Compressed class space size: 1073741824 Address: 0x0000000800000000

Heap:
 garbage-first heap   total 196608K, used 80885K [0x0000000740400000, 0x0000000800000000)
  region size 1024K, 79 young (80896K), 0 survivors (0K)
 Metaspace       used 6304K, capacity 6506K, committed 6784K, reserved 1056768K
  class space    used 530K, capacity 545K, committed 640K, reserved 1048576K
Heap Regions: E=young(eden), S=young(survivor), O=old, HS=humongous(starts), HC=humongous(continues), CS=collection set, F=free, A=archive, TAMS=top-at-mark-start (previous, next)
|   0|0x0000000740400000, 0x00000007404fd400, 0x0000000740500000| 98%| O|  |TAMS 0x0000000740400000, 0x0000000740400000| Untracked 
|   1|0x0000000740500000, 0x0000000740500000, 0x0000000740600000|  0%| F|  |TAMS 0x0000000740500000, 0x0000000740500000| Untracked 
|   2|0x0000000740600000, 0x0000000740600000, 0x0000000740700000|  0%| F|  |TAMS 0x0000000740600000, 0x0000000740600000| Untracked 
|   3|0x0000000740700000, 0x0000000740700000, 0x0000000740800000|  0%| F|  |TAMS 0x0000000740700000, 0x0000000740700000| Untracked 
|   4|0x0000000740800000, 0x0000000740800000, 0x0000000740900000|  0%| F|  |TAMS 0x0000000740800000, 0x0000000740800000| Untracked 
|   5|0x0000000740900000, 0x0000000740900000, 0x0000000740a00000|  0%| F|  |TAMS 0x0000000740900000, 0x0000000740900000| Untracked 
|   6|0x0000000740a00000, 0x0000000740a00000, 0x0000000740b00000|  0%| F|  |TAMS 0x0000000740a00000, 0x0000000740a00000| Untracked 
|   7|0x0000000740b00000, 0x0000000740b00000, 0x0000000740c00000|  0%| F|  |TAMS 0x0000000740b00000, 0x0000000740b00000| Untracked 
|   8|0x0000000740c00000, 0x0000000740c00000, 0x0000000740d00000|  0%| F|  |TAMS 0x0000000740c00000, 0x0000000740c00000| Untracked 
|   9|0x0000000740d00000, 0x0000000740d00000, 0x0000000740e00000|  0%| F|  |TAMS 0x0000000740d00000, 0x0000000740d00000| Untracked 
|  10|0x0000000740e00000, 0x0000000740e00000, 0x0000000740f00000|  0%| F|  |TAMS 0x0000000740e00000, 0x0000000740e00000| Untracked 
|  11|0x0000000740f00000, 0x0000000740f00000, 0x0000000741000000|  0%| F|  |TAMS 0x0000000740f00000, 0x0000000740f00000| Untracked 
|  12|0x0000000741000000, 0x0000000741000000, 0x0000000741100000|  0%| F|  |TAMS 0x0000000741000000, 0x0000000741000000| Untracked 
|  13|0x0000000741100000, 0x0000000741100000, 0x0000000741200000|  0%| F|  |TAMS 0x0000000741100000, 0x0000000741100000| Untracked 
|  14|0x0000000741200000, 0x0000000741200000, 0x0000000741300000|  0%| F|  |TAMS 0x0000000741200000, 0x0000000741200000| Untracked 
|  15|0x0000000741300000, 0x0000000741300000, 0x0000000741400000|  0%| F|  |TAMS 0x0000000741300000, 0x0000000741300000| Untracked 
|  16|0x0000000741400000, 0x0000000741400000, 0x0000000741500000|  0%| F|  |TAMS 0x0000000741400000, 0x0000000741400000| Untracked 
|  17|0x0000000741500000, 0x0000000741500000, 0x0000000741600000|  0%| F|  |TAMS 0x0000000741500000, 0x0000000741500000| Untracked 
|  18|0x0000000741600000, 0x0000000741600000, 0x0000000741700000|  0%| F|  |TAMS 0x0000000741600000, 0x0000000741600000| Untracked 
|  19|0x0000000741700000, 0x0000000741700000, 0x0000000741800000|  0%| F|  |TAMS 0x0000000741700000, 0x0000000741700000| Untracked 
|  20|0x0000000741800000, 0x0000000741800000, 0x0000000741900000|  0%| F|  |TAMS 0x0000000741800000, 0x0000000741800000| Untracked 
|  21|0x0000000741900000, 0x0000000741900000, 0x0000000741a00000|  0%| F|  |TAMS 0x0000000741900000, 0x0000000741900000| Untracked 
|  22|0x0000000741a00000, 0x0000000741a00000, 0x0000000741b00000|  0%| F|  |TAMS 0x0000000741a00000, 0x0000000741a00000| Untracked 
|  23|0x0000000741b00000, 0x0000000741b00000, 0x0000000741c00000|  0%| F|  |TAMS 0x0000000741b00000, 0x0000000741b00000| Untracked 
|  24|0x0000000741c00000, 0x0000000741c00000, 0x0000000741d00000|  0%| F|  |TAMS 0x0000000741c00000, 0x0000000741c00000| Untracked 
|  25|0x0000000741d00000, 0x0000000741d00000, 0x0000000741e00000|  0%| F|  |TAMS 0x0000000741d00000, 0x0000000741d00000| Untracked 
|  26|0x0000000741e00000, 0x0000000741e00000, 0x0000000741f00000|  0%| F|  |TAMS 0x0000000741e00000, 0x0000000741e00000| Untracked 
|  27|0x0000000741f00000, 0x0000000741f00000, 0x0000000742000000|  0%| F|  |TAMS 0x0000000741f00000, 0x0000000741f00000| Untracked 
|  28|0x0000000742000000, 0x0000000742000000, 0x0000000742100000|  0%| F|  |TAMS 0x0000000742000000, 0x0000000742000000| Untracked 
|  29|0x0000000742100000, 0x0000000742100000, 0x0000000742200000|  0%| F|  |TAMS 0x0000000742100000, 0x0000000742100000| Untracked 
|  30|0x0000000742200000, 0x0000000742200000, 0x0000000742300000|  0%| F|  |TAMS 0x0000000742200000, 0x0000000742200000| Untracked 
|  31|0x0000000742300000, 0x0000000742300000, 0x0000000742400000|  0%| F|  |TAMS 0x0000000742300000, 0x0000000742300000| Untracked 
|  32|0x0000000742400000, 0x0000000742400000, 0x0000000742500000|  0%| F|  |TAMS 0x0000000742400000, 0x0000000742400000| Untracked 
|  33|0x0000000742500000, 0x0000000742500000, 0x0000000742600000|  0%| F|  |TAMS 0x0000000742500000, 0x0000000742500000| Untracked 
|  34|0x0000000742600000, 0x0000000742600000, 0x0000000742700000|  0%| F|  |TAMS 0x0000000742600000, 0x0000000742600000| Untracked 
|  35|0x0000000742700000, 0x0000000742700000, 0x0000000742800000|  0%| F|  |TAMS 0x0000000742700000, 0x0000000742700000| Untracked 
|  36|0x0000000742800000, 0x0000000742800000, 0x0000000742900000|  0%| F|  |TAMS 0x0000000742800000, 0x0000000742800000| Untracked 
|  37|0x0000000742900000, 0x0000000742900000, 0x0000000742a00000|  0%| F|  |TAMS 0x0000000742900000, 0x0000000742900000| Untracked 
|  38|0x0000000742a00000, 0x0000000742a00000, 0x0000000742b00000|  0%| F|  |TAMS 0x0000000742a00000, 0x0000000742a00000| Untracked 
|  39|0x0000000742b00000, 0x0000000742b00000, 0x0000000742c00000|  0%| F|  |TAMS 0x0000000742b00000, 0x0000000742b00000| Untracked 
|  40|0x0000000742c00000, 0x0000000742c00000, 0x0000000742d00000|  0%| F|  |TAMS 0x0000000742c00000, 0x0000000742c00000| Untracked 
|  41|0x0000000742d00000, 0x0000000742d00000, 0x0000000742e00000|  0%| F|  |TAMS 0x0000000742d00000, 0x0000000742d00000| Untracked 
|  42|0x0000000742e00000, 0x0000000742e00000, 0x0000000742f00000|  0%| F|  |TAMS 0x0000000742e00000, 0x0000000742e00000| Untracked 
|  43|0x0000000742f00000, 0x0000000742f00000, 0x0000000743000000|  0%| F|  |TAMS 0x0000000742f00000, 0x0000000742f00000| Untracked 
|  44|0x0000000743000000, 0x0000000743000000, 0x0000000743100000|  0%| F|  |TAMS 0x0000000743000000, 0x0000000743000000| Untracked 
|  45|0x0000000743100000, 0x0000000743100000, 0x0000000743200000|  0%| F|  |TAMS 0x0000000743100000, 0x0000000743100000| Untracked 
|  46|0x0000000743200000, 0x0000000743200000, 0x0000000743300000|  0%| F|  |TAMS 0x0000000743200000, 0x0000000743200000| Untracked 
|  47|0x0000000743300000, 0x0000000743300000, 0x0000000743400000|  0%| F|  |TAMS 0x0000000743300000, 0x0000000743300000| Untracked 
|  48|0x0000000743400000, 0x0000000743400000, 0x0000000743500000|  0%| F|  |TAMS 0x0000000743400000, 0x0000000743400000| Untracked 
|  49|0x0000000743500000, 0x0000000743500000, 0x0000000743600000|  0%| F|  |TAMS 0x0000000743500000, 0x0000000743500000| Untracked 
|  50|0x0000000743600000, 0x0000000743600000, 0x0000000743700000|  0%| F|  |TAMS 0x0000000743600000, 0x0000000743600000| Untracked 
|  51|0x0000000743700000, 0x0000000743700000, 0x0000000743800000|  0%| F|  |TAMS 0x0000000743700000, 0x0000000743700000| Untracked 
|  52|0x0000000743800000, 0x0000000743800000, 0x0000000743900000|  0%| F|  |TAMS 0x0000000743800000, 0x0000000743800000| Untracked 
|  53|0x0000000743900000, 0x0000000743900000, 0x0000000743a00000|  0%| F|  |TAMS 0x0000000743900000, 0x0000000743900000| Untracked 
|  54|0x0000000743a00000, 0x0000000743a00000, 0x0000000743b00000|  0%| F|  |TAMS 0x0000000743a00000, 0x0000000743a00000| Untracked 
|  55|0x0000000743b00000, 0x0000000743b00000, 0x0000000743c00000|  0%| F|  |TAMS 0x0000000743b00000, 0x0000000743b00000| Untracked 
|  56|0x0000000743c00000, 0x0000000743c00000, 0x0000000743d00000|  0%| F|  |TAMS 0x0000000743c00000, 0x0000000743c00000| Untracked 
|  57|0x0000000743d00000, 0x0000000743d00000, 0x0000000743e00000|  0%| F|  |TAMS 0x0000000743d00000, 0x0000000743d00000| Untracked 
|  58|0x0000000743e00000, 0x0000000743e00000, 0x0000000743f00000|  0%| F|  |TAMS 0x0000000743e00000, 0x0000000743e00000| Untracked 
|  59|0x0000000743f00000, 0x0000000743f00000, 0x0000000744000000|  0%| F|  |TAMS 0x0000000743f00000, 0x0000000743f00000| Untracked 
|  60|0x0000000744000000, 0x0000000744000000, 0x0000000744100000|  0%| F|  |TAMS 0x0000000744000000, 0x0000000744000000| Untracked 
|  61|0x0000000744100000, 0x0000000744100000, 0x0000000744200000|  0%| F|  |TAMS 0x0000000744100000, 0x0000000744100000| Untracked 
|  62|0x0000000744200000, 0x0000000744200000, 0x0000000744300000|  0%| F|  |TAMS 0x0000000744200000, 0x0000000744200000| Untracked 
|  63|0x0000000744300000, 0x0000000744300000, 0x0000000744400000|  0%| F|  |TAMS 0x0000000744300000, 0x0000000744300000| Untracked 
|  64|0x0000000744400000, 0x0000000744400000, 0x0000000744500000|  0%| F|  |TAMS 0x0000000744400000, 0x0000000744400000| Untracked 
|  65|0x0000000744500000, 0x0000000744500000, 0x0000000744600000|  0%| F|  |TAMS 0x0000000744500000, 0x0000000744500000| Untracked 
|  66|0x0000000744600000, 0x0000000744600000, 0x0000000744700000|  0%| F|  |TAMS 0x0000000744600000, 0x0000000744600000| Untracked 
|  67|0x0000000744700000, 0x0000000744700000, 0x0000000744800000|  0%| F|  |TAMS 0x0000000744700000, 0x0000000744700000| Untracked 
|  68|0x0000000744800000, 0x0000000744800000, 0x0000000744900000|  0%| F|  |TAMS 0x0000000744800000, 0x0000000744800000| Untracked 
|  69|0x0000000744900000, 0x0000000744900000, 0x0000000744a00000|  0%| F|  |TAMS 0x0000000744900000, 0x0000000744900000| Untracked 
|  70|0x0000000744a00000, 0x0000000744a00000, 0x0000000744b00000|  0%| F|  |TAMS 0x0000000744a00000, 0x0000000744a00000| Untracked 
|  71|0x0000000744b00000, 0x0000000744b00000, 0x0000000744c00000|  0%| F|  |TAMS 0x0000000744b00000, 0x0000000744b00000| Untracked 
|  72|0x0000000744c00000, 0x0000000744c00000, 0x0000000744d00000|  0%| F|  |TAMS 0x0000000744c00000, 0x0000000744c00000| Untracked 
|  73|0x0000000744d00000, 0x0000000744d00000, 0x0000000744e00000|  0%| F|  |TAMS 0x0000000744d00000, 0x0000000744d00000| Untracked 
|  74|0x0000000744e00000, 0x0000000744e00000, 0x0000000744f00000|  0%| F|  |TAMS 0x0000000744e00000, 0x0000000744e00000| Untracked 
|  75|0x0000000744f00000, 0x0000000744f00000, 0x0000000745000000|  0%| F|  |TAMS 0x0000000744f00000, 0x0000000744f00000| Untracked 
|  76|0x0000000745000000, 0x0000000745000000, 0x0000000745100000|  0%| F|  |TAMS 0x0000000745000000, 0x0000000745000000| Untracked 
|  77|0x0000000745100000, 0x0000000745100000, 0x0000000745200000|  0%| F|  |TAMS 0x0000000745100000, 0x0000000745100000| Untracked 
|  78|0x0000000745200000, 0x0000000745200000, 0x0000000745300000|  0%| F|  |TAMS 0x0000000745200000, 0x0000000745200000| Untracked 
|  79|0x0000000745300000, 0x0000000745300000, 0x0000000745400000|  0%| F|  |TAMS 0x0000000745300000, 0x0000000745300000| Untracked 
|  80|0x0000000745400000, 0x0000000745400000, 0x0000000745500000|  0%| F|  |TAMS 0x0000000745400000, 0x0000000745400000| Untracked 
|  81|0x0000000745500000, 0x0000000745500000, 0x0000000745600000|  0%| F|  |TAMS 0x0000000745500000, 0x0000000745500000| Untracked 
|  82|0x0000000745600000, 0x0000000745600000, 0x0000000745700000|  0%| F|  |TAMS 0x0000000745600000, 0x0000000745600000| Untracked 
|  83|0x0000000745700000, 0x0000000745700000, 0x0000000745800000|  0%| F|  |TAMS 0x0000000745700000, 0x0000000745700000| Untracked 
|  84|0x0000000745800000, 0x0000000745800000, 0x0000000745900000|  0%| F|  |TAMS 0x0000000745800000, 0x0000000745800000| Untracked 
|  85|0x0000000745900000, 0x0000000745900000, 0x0000000745a00000|  0%| F|  |TAMS 0x0000000745900000, 0x0000000745900000| Untracked 
|  86|0x0000000745a00000, 0x0000000745a00000, 0x0000000745b00000|  0%| F|  |TAMS 0x0000000745a00000, 0x0000000745a00000| Untracked 
|  87|0x0000000745b00000, 0x0000000745b00000, 0x0000000745c00000|  0%| F|  |TAMS 0x0000000745b00000, 0x0000000745b00000| Untracked 
|  88|0x0000000745c00000, 0x0000000745c00000, 0x0000000745d00000|  0%| F|  |TAMS 0x0000000745c00000, 0x0000000745c00000| Untracked 
|  89|0x0000000745d00000, 0x0000000745d00000, 0x0000000745e00000|  0%| F|  |TAMS 0x0000000745d00000, 0x0000000745d00000| Untracked 
|  90|0x0000000745e00000, 0x0000000745e00000, 0x0000000745f00000|  0%| F|  |TAMS 0x0000000745e00000, 0x0000000745e00000| Untracked 
|  91|0x0000000745f00000, 0x0000000745f00000, 0x0000000746000000|  0%| F|  |TAMS 0x0000000745f00000, 0x0000000745f00000| Untracked 
|  92|0x0000000746000000, 0x0000000746000000, 0x0000000746100000|  0%| F|  |TAMS 0x0000000746000000, 0x0000000746000000| Untracked 
|  93|0x0000000746100000, 0x0000000746100000, 0x0000000746200000|  0%| F|  |TAMS 0x0000000746100000, 0x0000000746100000| Untracked 
|  94|0x0000000746200000, 0x0000000746200000, 0x0000000746300000|  0%| F|  |TAMS 0x0000000746200000, 0x0000000746200000| Untracked 
|  95|0x0000000746300000, 0x0000000746300000, 0x0000000746400000|  0%| F|  |TAMS 0x0000000746300000, 0x0000000746300000| Untracked 
|  96|0x0000000746400000, 0x0000000746400000, 0x0000000746500000|  0%| F|  |TAMS 0x0000000746400000, 0x0000000746400000| Untracked 
|  97|0x0000000746500000, 0x0000000746500000, 0x0000000746600000|  0%| F|  |TAMS 0x0000000746500000, 0x0000000746500000| Untracked 
|  98|0x0000000746600000, 0x0000000746600000, 0x0000000746700000|  0%| F|  |TAMS 0x0000000746600000, 0x0000000746600000| Untracked 
|  99|0x0000000746700000, 0x0000000746700000, 0x0000000746800000|  0%| F|  |TAMS 0x0000000746700000, 0x0000000746700000| Untracked 
| 100|0x0000000746800000, 0x0000000746800000, 0x0000000746900000|  0%| F|  |TAMS 0x0000000746800000, 0x0000000746800000| Untracked 
| 101|0x0000000746900000, 0x0000000746900000, 0x0000000746a00000|  0%| F|  |TAMS 0x0000000746900000, 0x0000000746900000| Untracked 
| 102|0x0000000746a00000, 0x0000000746a00000, 0x0000000746b00000|  0%| F|  |TAMS 0x0000000746a00000, 0x0000000746a00000| Untracked 
| 103|0x0000000746b00000, 0x0000000746b00000, 0x0000000746c00000|  0%| F|  |TAMS 0x0000000746b00000, 0x0000000746b00000| Untracked 
| 104|0x0000000746c00000, 0x0000000746c00000, 0x0000000746d00000|  0%| F|  |TAMS 0x0000000746c00000, 0x0000000746c00000| Untracked 
| 105|0x0000000746d00000, 0x0000000746d00000, 0x0000000746e00000|  0%| F|  |TAMS 0x0000000746d00000, 0x0000000746d00000| Untracked 
| 106|0x0000000746e00000, 0x0000000746e00000, 0x0000000746f00000|  0%| F|  |TAMS 0x0000000746e00000, 0x0000000746e00000| Untracked 
| 107|0x0000000746f00000, 0x0000000746f00000, 0x0000000747000000|  0%| F|  |TAMS 0x0000000746f00000, 0x0000000746f00000| Untracked 
| 108|0x0000000747000000, 0x0000000747000000, 0x0000000747100000|  0%| F|  |TAMS 0x0000000747000000, 0x0000000747000000| Untracked 
| 109|0x0000000747100000, 0x0000000747100000, 0x0000000747200000|  0%| F|  |TAMS 0x0000000747100000, 0x0000000747100000| Untracked 
| 110|0x0000000747200000, 0x0000000747200000, 0x0000000747300000|  0%| F|  |TAMS 0x0000000747200000, 0x0000000747200000| Untracked 
| 111|0x0000000747300000, 0x0000000747300000, 0x0000000747400000|  0%| F|  |TAMS 0x0000000747300000, 0x0000000747300000| Untracked 
| 112|0x0000000747400000, 0x0000000747400000, 0x0000000747500000|  0%| F|  |TAMS 0x0000000747400000, 0x0000000747400000| Untracked 
| 113|0x0000000747500000, 0x0000000747600000, 0x0000000747600000|100%| E|  |TAMS 0x0000000747500000, 0x0000000747500000| Complete 
| 114|0x0000000747600000, 0x0000000747700000, 0x0000000747700000|100%| E|CS|TAMS 0x0000000747600000, 0x0000000747600000| Complete 
| 115|0x0000000747700000, 0x0000000747800000, 0x0000000747800000|100%| E|CS|TAMS 0x0000000747700000, 0x0000000747700000| Complete 
| 116|0x0000000747800000, 0x0000000747900000, 0x0000000747900000|100%| E|CS|TAMS 0x0000000747800000, 0x0000000747800000| Complete 
| 117|0x0000000747900000, 0x0000000747a00000, 0x0000000747a00000|100%| E|CS|TAMS 0x0000000747900000, 0x0000000747900000| Complete 
| 118|0x0000000747a00000, 0x0000000747b00000, 0x0000000747b00000|100%| E|CS|TAMS 0x0000000747a00000, 0x0000000747a00000| Complete 
| 119|0x0000000747b00000, 0x0000000747c00000, 0x0000000747c00000|100%| E|CS|TAMS 0x0000000747b00000, 0x0000000747b00000| Complete 
| 120|0x0000000747c00000, 0x0000000747d00000, 0x0000000747d00000|100%| E|CS|TAMS 0x0000000747c00000, 0x0000000747c00000| Complete 
| 121|0x0000000747d00000, 0x0000000747e00000, 0x0000000747e00000|100%| E|CS|TAMS 0x0000000747d00000, 0x0000000747d00000| Complete 
| 122|0x0000000747e00000, 0x0000000747f00000, 0x0000000747f00000|100%| E|CS|TAMS 0x0000000747e00000, 0x0000000747e00000| Complete 
| 123|0x0000000747f00000, 0x0000000748000000, 0x0000000748000000|100%| E|CS|TAMS 0x0000000747f00000, 0x0000000747f00000| Complete 
| 124|0x0000000748000000, 0x0000000748100000, 0x0000000748100000|100%| E|CS|TAMS 0x0000000748000000, 0x0000000748000000| Complete 
| 125|0x0000000748100000, 0x0000000748200000, 0x0000000748200000|100%| E|CS|TAMS 0x0000000748100000, 0x0000000748100000| Complete 
| 126|0x0000000748200000, 0x0000000748300000, 0x0000000748300000|100%| E|CS|TAMS 0x0000000748200000, 0x0000000748200000| Complete 
| 127|0x0000000748300000, 0x0000000748400000, 0x0000000748400000|100%| E|CS|TAMS 0x0000000748300000, 0x0000000748300000| Complete 
| 128|0x0000000748400000, 0x0000000748500000, 0x0000000748500000|100%| E|CS|TAMS 0x0000000748400000, 0x0000000748400000| Complete 
| 129|0x0000000748500000, 0x0000000748600000, 0x0000000748600000|100%| E|CS|TAMS 0x0000000748500000, 0x0000000748500000| Complete 
| 130|0x0000000748600000, 0x0000000748700000, 0x0000000748700000|100%| E|CS|TAMS 0x0000000748600000, 0x0000000748600000| Complete 
| 131|0x0000000748700000, 0x0000000748800000, 0x0000000748800000|100%| E|CS|TAMS 0x0000000748700000, 0x0000000748700000| Complete 
| 132|0x0000000748800000, 0x0000000748900000, 0x0000000748900000|100%| E|CS|TAMS 0x0000000748800000, 0x0000000748800000| Complete 
| 133|0x0000000748900000, 0x0000000748a00000, 0x0000000748a00000|100%| E|CS|TAMS 0x0000000748900000, 0x0000000748900000| Complete 
| 134|0x0000000748a00000, 0x0000000748b00000, 0x0000000748b00000|100%| E|CS|TAMS 0x0000000748a00000, 0x0000000748a00000| Complete 
| 135|0x0000000748b00000, 0x0000000748c00000, 0x0000000748c00000|100%| E|CS|TAMS 0x0000000748b00000, 0x0000000748b00000| Complete 
| 136|0x0000000748c00000, 0x0000000748d00000, 0x0000000748d00000|100%| E|CS|TAMS 0x0000000748c00000, 0x0000000748c00000| Complete 
| 137|0x0000000748d00000, 0x0000000748e00000, 0x0000000748e00000|100%| E|CS|TAMS 0x0000000748d00000, 0x0000000748d00000| Complete 
| 138|0x0000000748e00000, 0x0000000748f00000, 0x0000000748f00000|100%| E|CS|TAMS 0x0000000748e00000, 0x0000000748e00000| Complete 
| 139|0x0000000748f00000, 0x0000000749000000, 0x0000000749000000|100%| E|CS|TAMS 0x0000000748f00000, 0x0000000748f00000| Complete 
| 140|0x0000000749000000, 0x0000000749100000, 0x0000000749100000|100%| E|CS|TAMS 0x0000000749000000, 0x0000000749000000| Complete 
| 141|0x0000000749100000, 0x0000000749200000, 0x0000000749200000|100%| E|CS|TAMS 0x0000000749100000, 0x0000000749100000| Complete 
| 142|0x0000000749200000, 0x0000000749300000, 0x0000000749300000|100%| E|CS|TAMS 0x0000000749200000, 0x0000000749200000| Complete 
| 143|0x0000000749300000, 0x0000000749400000, 0x0000000749400000|100%| E|CS|TAMS 0x0000000749300000, 0x0000000749300000| Complete 
| 144|0x0000000749400000, 0x0000000749500000, 0x0000000749500000|100%| E|CS|TAMS 0x0000000749400000, 0x0000000749400000| Complete 
| 145|0x0000000749500000, 0x0000000749600000, 0x0000000749600000|100%| E|CS|TAMS 0x0000000749500000, 0x0000000749500000| Complete 
| 146|0x0000000749600000, 0x0000000749700000, 0x0000000749700000|100%| E|CS|TAMS 0x0000000749600000, 0x0000000749600000| Complete 
| 147|0x0000000749700000, 0x0000000749800000, 0x0000000749800000|100%| E|CS|TAMS 0x0000000749700000, 0x0000000749700000| Complete 
| 148|0x0000000749800000, 0x0000000749900000, 0x0000000749900000|100%| E|CS|TAMS 0x0000000749800000, 0x0000000749800000| Complete 
| 149|0x0000000749900000, 0x0000000749a00000, 0x0000000749a00000|100%| E|CS|TAMS 0x0000000749900000, 0x0000000749900000| Complete 
| 150|0x0000000749a00000, 0x0000000749b00000, 0x0000000749b00000|100%| E|CS|TAMS 0x0000000749a00000, 0x0000000749a00000| Complete 
| 151|0x0000000749b00000, 0x0000000749c00000, 0x0000000749c00000|100%| E|CS|TAMS 0x0000000749b00000, 0x0000000749b00000| Complete 
| 152|0x0000000749c00000, 0x0000000749d00000, 0x0000000749d00000|100%| E|CS|TAMS 0x0000000749c00000, 0x0000000749c00000| Complete 
| 153|0x0000000749d00000, 0x0000000749e00000, 0x0000000749e00000|100%| E|CS|TAMS 0x0000000749d00000, 0x0000000749d00000| Complete 
| 154|0x0000000749e00000, 0x0000000749f00000, 0x0000000749f00000|100%| E|CS|TAMS 0x0000000749e00000, 0x0000000749e00000| Complete 
| 155|0x0000000749f00000, 0x000000074a000000, 0x000000074a000000|100%| E|CS|TAMS 0x0000000749f00000, 0x0000000749f00000| Complete 
| 156|0x000000074a000000, 0x000000074a100000, 0x000000074a100000|100%| E|CS|TAMS 0x000000074a000000, 0x000000074a000000| Complete 
| 157|0x000000074a100000, 0x000000074a200000, 0x000000074a200000|100%| E|CS|TAMS 0x000000074a100000, 0x000000074a100000| Complete 
| 158|0x000000074a200000, 0x000000074a300000, 0x000000074a300000|100%| E|CS|TAMS 0x000000074a200000, 0x000000074a200000| Complete 
| 159|0x000000074a300000, 0x000000074a400000, 0x000000074a400000|100%| E|CS|TAMS 0x000000074a300000, 0x000000074a300000| Complete 
| 160|0x000000074a400000, 0x000000074a500000, 0x000000074a500000|100%| E|CS|TAMS 0x000000074a400000, 0x000000074a400000| Complete 
| 161|0x000000074a500000, 0x000000074a600000, 0x000000074a600000|100%| E|CS|TAMS 0x000000074a500000, 0x000000074a500000| Complete 
| 162|0x000000074a600000, 0x000000074a700000, 0x000000074a700000|100%| E|CS|TAMS 0x000000074a600000, 0x000000074a600000| Complete 
| 163|0x000000074a700000, 0x000000074a800000, 0x000000074a800000|100%| E|CS|TAMS 0x000000074a700000, 0x000000074a700000| Complete 
| 164|0x000000074a800000, 0x000000074a900000, 0x000000074a900000|100%| E|CS|TAMS 0x000000074a800000, 0x000000074a800000| Complete 
| 165|0x000000074a900000, 0x000000074aa00000, 0x000000074aa00000|100%| E|CS|TAMS 0x000000074a900000, 0x000000074a900000| Complete 
| 166|0x000000074aa00000, 0x000000074ab00000, 0x000000074ab00000|100%| E|CS|TAMS 0x000000074aa00000, 0x000000074aa00000| Complete 
| 167|0x000000074ab00000, 0x000000074ac00000, 0x000000074ac00000|100%| E|CS|TAMS 0x000000074ab00000, 0x000000074ab00000| Complete 
| 168|0x000000074ac00000, 0x000000074ad00000, 0x000000074ad00000|100%| E|CS|TAMS 0x000000074ac00000, 0x000000074ac00000| Complete 
| 169|0x000000074ad00000, 0x000000074ae00000, 0x000000074ae00000|100%| E|CS|TAMS 0x000000074ad00000, 0x000000074ad00000| Complete 
| 170|0x000000074ae00000, 0x000000074af00000, 0x000000074af00000|100%| E|CS|TAMS 0x000000074ae00000, 0x000000074ae00000| Complete 
| 171|0x000000074af00000, 0x000000074b000000, 0x000000074b000000|100%| E|CS|TAMS 0x000000074af00000, 0x000000074af00000| Complete 
| 172|0x000000074b000000, 0x000000074b100000, 0x000000074b100000|100%| E|CS|TAMS 0x000000074b000000, 0x000000074b000000| Complete 
| 173|0x000000074b100000, 0x000000074b200000, 0x000000074b200000|100%| E|CS|TAMS 0x000000074b100000, 0x000000074b100000| Complete 
| 174|0x000000074b200000, 0x000000074b300000, 0x000000074b300000|100%| E|CS|TAMS 0x000000074b200000, 0x000000074b200000| Complete 
| 175|0x000000074b300000, 0x000000074b400000, 0x000000074b400000|100%| E|CS|TAMS 0x000000074b300000, 0x000000074b300000| Complete 
| 176|0x000000074b400000, 0x000000074b500000, 0x000000074b500000|100%| E|CS|TAMS 0x000000074b400000, 0x000000074b400000| Complete 
| 177|0x000000074b500000, 0x000000074b600000, 0x000000074b600000|100%| E|CS|TAMS 0x000000074b500000, 0x000000074b500000| Complete 
| 178|0x000000074b600000, 0x000000074b700000, 0x000000074b700000|100%| E|CS|TAMS 0x000000074b600000, 0x000000074b600000| Complete 
| 179|0x000000074b700000, 0x000000074b800000, 0x000000074b800000|100%| E|CS|TAMS 0x000000074b700000, 0x000000074b700000| Complete 
| 180|0x000000074b800000, 0x000000074b900000, 0x000000074b900000|100%| E|CS|TAMS 0x000000074b800000, 0x000000074b800000| Complete 
| 181|0x000000074b900000, 0x000000074ba00000, 0x000000074ba00000|100%| E|CS|TAMS 0x000000074b900000, 0x000000074b900000| Complete 
| 182|0x000000074ba00000, 0x000000074bb00000, 0x000000074bb00000|100%| E|CS|TAMS 0x000000074ba00000, 0x000000074ba00000| Complete 
| 183|0x000000074bb00000, 0x000000074bc00000, 0x000000074bc00000|100%| E|CS|TAMS 0x000000074bb00000, 0x000000074bb00000| Complete 
| 184|0x000000074bc00000, 0x000000074bd00000, 0x000000074bd00000|100%| E|CS|TAMS 0x000000074bc00000, 0x000000074bc00000| Complete 
| 185|0x000000074bd00000, 0x000000074be00000, 0x000000074be00000|100%| E|CS|TAMS 0x000000074bd00000, 0x000000074bd00000| Complete 
| 186|0x000000074be00000, 0x000000074bf00000, 0x000000074bf00000|100%| E|CS|TAMS 0x000000074be00000, 0x000000074be00000| Complete 
| 187|0x000000074bf00000, 0x000000074c000000, 0x000000074c000000|100%| E|CS|TAMS 0x000000074bf00000, 0x000000074bf00000| Complete 
| 188|0x000000074c000000, 0x000000074c100000, 0x000000074c100000|100%| E|CS|TAMS 0x000000074c000000, 0x000000074c000000| Complete 
| 189|0x000000074c100000, 0x000000074c200000, 0x000000074c200000|100%| E|CS|TAMS 0x000000074c100000, 0x000000074c100000| Complete 
| 190|0x000000074c200000, 0x000000074c300000, 0x000000074c300000|100%| E|CS|TAMS 0x000000074c200000, 0x000000074c200000| Complete 
| 191|0x000000074c300000, 0x000000074c400000, 0x000000074c400000|100%| E|CS|TAMS 0x000000074c300000, 0x000000074c300000| Complete 

Card table byte_map: [0x000001b355d10000,0x000001b356310000] _byte_map_base: 0x000001b35230e000

Marking Bits (Prev, Next): (CMBitMap*) 0x000001b33e433448, (CMBitMap*) 0x000001b33e433480
 Prev Bits: [0x000001b356910000, 0x000001b359900000)
 Next Bits: [0x000001b359900000, 0x000001b35c8f0000)

Polling page: 0x000001b33c270000

Metaspace:

Usage:
  Non-class:      5.82 MB capacity,     5.64 MB ( 97%) used,   182.22 KB (  3%) free+waste,     4.50 KB ( <1%) overhead. 
      Class:    545.00 KB capacity,   530.59 KB ( 97%) used,    12.53 KB (  2%) free+waste,     1.88 KB ( <1%) overhead. 
       Both:      6.35 MB capacity,     6.16 MB ( 97%) used,   194.75 KB (  3%) free+waste,     6.38 KB ( <1%) overhead. 

Virtual space:
  Non-class space:        8.00 MB reserved,       6.00 MB ( 75%) committed 
      Class space:        1.00 GB reserved,     640.00 KB ( <1%) committed 
             Both:        1.01 GB reserved,       6.63 MB ( <1%) committed 

Chunk freelists:
   Non-Class:  6.88 KB
       Class:  0 bytes
        Both:  6.88 KB

CodeHeap 'non-profiled nmethods': size=120064Kb used=409Kb max_used=409Kb free=119654Kb
 bounds [0x000001b34e1d0000, 0x000001b34e440000, 0x000001b355710000]
CodeHeap 'profiled nmethods': size=120000Kb used=777Kb max_used=777Kb free=119222Kb
 bounds [0x000001b346ca0000, 0x000001b346f10000, 0x000001b34e1d0000]
CodeHeap 'non-nmethods': size=5696Kb used=1041Kb max_used=1073Kb free=4654Kb
 bounds [0x000001b346710000, 0x000001b346980000, 0x000001b346ca0000]
 total_blobs=1068 nmethods=481 adapters=226
 compilation: enabled
              stopped_count=0, restarted_count=0
 full_count=0

Compilation events (10 events):
Event: 10.885 Thread 0x000001b35f6a1800  481       4       java.util.regex.Pattern$BmpCharPropertyGreedy::match (89 bytes)
Event: 10.892 Thread 0x000001b35f6a1800 nmethod 481 0x000001b34e234390 code [0x000001b34e234560, 0x000001b34e234ad8]
Event: 10.892 Thread 0x000001b35f6a1800  487  s    4       Service.Implemantation.EventServiceImpl::query (152 bytes)
Event: 10.912 Thread 0x000001b35f6a1800 nmethod 487 0x000001b34e235110 code [0x000001b34e235300, 0x000001b34e235b68]
Event: 18.046 Thread 0x000001b35f6fb800  488       1       java.nio.Buffer::limit (5 bytes)
Event: 18.046 Thread 0x000001b35f6fb800 nmethod 488 0x000001b34e236210 code [0x000001b34e2363c0, 0x000001b34e2364d8]
Event: 18.048 Thread 0x000001b35f6fb800  489       3       java.util.Collections$UnmodifiableCollection$1::next (10 bytes)
Event: 18.048 Thread 0x000001b35f6fb800 nmethod 489 0x000001b346d61c90 code [0x000001b346d61e60, 0x000001b346d62090]
Event: 18.048 Thread 0x000001b35f6fb800  490       3       sun.nio.cs.SingleByte$Encoder::encode (32 bytes)
Event: 18.049 Thread 0x000001b35f6fb800 nmethod 490 0x000001b346d62190 code [0x000001b346d62340, 0x000001b346d62558]

GC Heap History (10 events):
Event: 181.644 GC heap before
{Heap before GC invocations=451 (full 0):
 garbage-first heap   total 196608K, used 117751K [0x0000000740400000, 0x0000000800000000)
  region size 1024K, 115 young (117760K), 1 survivors (1024K)
 Metaspace       used 6304K, capacity 6506K, committed 6784K, reserved 1056768K
  class space    used 530K, capacity 545K, committed 640K, reserved 1048576K
}
Event: 181.644 GC heap after
{Heap after GC invocations=452 (full 0):
 garbage-first heap   total 196608K, used 1021K [0x0000000740400000, 0x0000000800000000)
  region size 1024K, 1 young (1024K), 1 survivors (1024K)
 Metaspace       used 6304K, capacity 6506K, committed 6784K, reserved 1056768K
  class space    used 530K, capacity 545K, committed 640K, reserved 1048576K
}
Event: 182.020 GC heap before
{Heap before GC invocations=452 (full 0):
 garbage-first heap   total 196608K, used 117757K [0x0000000740400000, 0x0000000800000000)
  region size 1024K, 115 young (117760K), 1 survivors (1024K)
 Metaspace       used 6304K, capacity 6506K, committed 6784K, reserved 1056768K
  class space    used 530K, capacity 545K, committed 640K, reserved 1048576K
}
Event: 182.020 GC heap after
{Heap after GC invocations=453 (full 0):
 garbage-first heap   total 196608K, used 1013K [0x0000000740400000, 0x0000000800000000)
  region size 1024K, 0 young (0K), 0 survivors (0K)
 Metaspace       used 6304K, capacity 6506K, committed 6784K, reserved 1056768K
  class space    used 530K, capacity 545K, committed 640K, reserved 1048576K
}
Event: 182.400 GC heap before
{Heap before GC invocations=453 (full 0):
 garbage-first heap   total 196608K, used 118773K [0x0000000740400000, 0x0000000800000000)
  region size 1024K, 115 young (117760K), 0 survivors (0K)
 Metaspace       used 6304K, capacity 6506K, committed 6784K, reserved 1056768K
  class space    used 530K, capacity 545K, committed 640K, reserved 1048576K
}
Event: 182.400 GC heap after
{Heap after GC invocations=454 (full 0):
 garbage-first heap   total 196608K, used 1017K [0x0000000740400000, 0x0000000800000000)
  region size 1024K, 1 young (1024K), 1 survivors (1024K)
 Metaspace       used 6304K, capacity 6506K, committed 6784K, reserved 1056768K
  class space    used 530K, capacity 545K, committed 640K, reserved 1048576K
}
Event: 182.777 GC heap before
{Heap before GC invocations=454 (full 0):
 garbage-first heap   total 196608K, used 117753K [0x0000000740400000, 0x0000000800000000)
  region size 1024K, 115 young (117760K), 1 survivors (1024K)
 Metaspace       used 6304K, capacity 6506K, committed 6784K, reserved 1056768K
  class space    used 530K, capacity 545K, committed 640K, reserved 1048576K
}
Event: 182.777 GC heap after
{Heap after GC invocations=455 (full 0):
 garbage-first heap   total 196608K, used 1021K [0x0000000740400000, 0x0000000800000000)
  region size 1024K, 1 young (1024K), 1 survivors (1024K)
 Metaspace       used 6304K, capacity 6506K, committed 6784K, reserved 1056768K
  class space    used 530K, capacity 545K, committed 640K, reserved 1048576K
}
Event: 183.215 GC heap before
{Heap before GC invocations=455 (full 0):
 garbage-first heap   total 196608K, used 117757K [0x0000000740400000, 0x0000000800000000)
  region size 1024K, 115 young (117760K), 1 survivors (1024K)
 Metaspace       used 6304K, capacity 6506K, committed 6784K, reserved 1056768K
  class space    used 530K, capacity 545K, committed 640K, reserved 1048576K
}
Event: 183.215 GC heap after
{Heap after GC invocations=456 (full 0):
 garbage-first heap   total 196608K, used 1013K [0x0000000740400000, 0x0000000800000000)
  region size 1024K, 0 young (0K), 0 survivors (0K)
 Metaspace       used 6304K, capacity 6506K, committed 6784K, reserved 1056768K
  class space    used 530K, capacity 545K, committed 640K, reserved 1048576K
}

Deoptimization events (10 events):
Event: 10.839 Thread 0x000001b33e3e2800 Uncommon trap: reason=class_check action=maybe_recompile pc=0x000001b34e1f9600 method=java.util.regex.Pattern$BranchConn.match(Ljava/util/regex/Matcher;ILjava/lang/CharSequence;)Z @ 7 c2
Event: 10.839 Thread 0x000001b33e3e2800 Uncommon trap: reason=bimorphic_or_optimized_type_check action=maybe_recompile pc=0x000001b34e1f727c method=java.util.regex.Pattern$GroupTail.match(Ljava/util/regex/Matcher;ILjava/lang/CharSequence;)Z @ 70 c2
Event: 10.839 Thread 0x000001b33e3e2800 Uncommon trap: reason=class_check action=maybe_recompile pc=0x000001b34e1e20ec method=java.util.regex.Pattern$BmpCharProperty.match(Ljava/util/regex/Matcher;ILjava/lang/CharSequence;)Z @ 14 c2
Event: 10.839 Thread 0x000001b33e3e2800 Uncommon trap: reason=class_check action=maybe_recompile pc=0x000001b34e1f9600 method=java.util.regex.Pattern$BranchConn.match(Ljava/util/regex/Matcher;ILjava/lang/CharSequence;)Z @ 7 c2
Event: 10.839 Thread 0x000001b33e3e2800 Uncommon trap: reason=bimorphic_or_optimized_type_check action=maybe_recompile pc=0x000001b34e1f727c method=java.util.regex.Pattern$GroupTail.match(Ljava/util/regex/Matcher;ILjava/lang/CharSequence;)Z @ 70 c2
Event: 10.839 Thread 0x000001b33e3e2800 Uncommon trap: reason=class_check action=maybe_recompile pc=0x000001b34e1f719c method=java.util.regex.Pattern$BranchConn.match(Ljava/util/regex/Matcher;ILjava/lang/CharSequence;)Z @ 7 c2
Event: 10.839 Thread 0x000001b33e3e2800 Uncommon trap: reason=class_check action=maybe_recompile pc=0x000001b34e1f9600 method=java.util.regex.Pattern$BranchConn.match(Ljava/util/regex/Matcher;ILjava/lang/CharSequence;)Z @ 7 c2
Event: 10.839 Thread 0x000001b33e3e2800 Uncommon trap: reason=unstable_if action=reinterpret pc=0x000001b34e210038 method=java.util.regex.Pattern$LastNode.match(Ljava/util/regex/Matcher;ILjava/lang/CharSequence;)Z @ 5 c2
Event: 10.840 Thread 0x000001b35f8b3800 Uncommon trap: reason=unstable_if action=reinterpret pc=0x000001b34e223974 method=Service.Implemantation.EventServiceImpl.query(Ljava/util/List;Ljava/lang/String;JJILService/EventIterator;I)Ljava/util/List; @ 38 c2
Event: 18.046 Thread 0x000001b33e3e2800 Uncommon trap: reason=class_check action=maybe_recompile pc=0x000001b34e1e73f8 method=java.util.regex.Pattern$Start.match(Ljava/util/regex/Matcher;ILjava/lang/CharSequence;)Z @ 44 c2

Classes redefined (0 events):
No events

Internal exceptions (2 events):
Event: 0.225 Thread 0x000001b33e3e2800 Exception <a 'java/lang/NoSuchMethodError'{0x000000074c2458d0}: java.lang.invoke.DirectMethodHandle$Holder.invokeSpecialIFC(Ljava/lang/Object;Ljava/lang/Object;I)I> (0x000000074c2458d0) thrown at [t:/workspace/open/src/hotspot/share/interpreter/linkResolv
Event: 183.512 Thread 0x000001b35f8b3800 Implicit null exception at 0x000001b34e21508f to 0x0000000000000000

Events (10 events):
Event: 181.644 Executing VM operation: G1CollectForAllocation
Event: 181.644 Executing VM operation: G1CollectForAllocation done
Event: 182.020 Executing VM operation: G1CollectForAllocation
Event: 182.020 Executing VM operation: G1CollectForAllocation done
Event: 182.400 Executing VM operation: G1CollectForAllocation
Event: 182.400 Executing VM operation: G1CollectForAllocation done
Event: 182.777 Executing VM operation: G1CollectForAllocation
Event: 182.777 Executing VM operation: G1CollectForAllocation done
Event: 183.215 Executing VM operation: G1CollectForAllocation
Event: 183.215 Executing VM operation: G1CollectForAllocation done


Dynamic libraries:
0x00007ff76a9f0000 - 0x00007ff76aa37000 	C:\Program Files\Java\jdk-11.0.2\bin\javaw.exe
0x00007fff46340000 - 0x00007fff4652d000 	C:\Windows\SYSTEM32\ntdll.dll
0x00007fff443f0000 - 0x00007fff444a3000 	C:\Windows\System32\KERNEL32.DLL
0x00007fff42960000 - 0x00007fff42bf3000 	C:\Windows\System32\KERNELBASE.dll
0x00007fff43f10000 - 0x00007fff43fb3000 	C:\Windows\System32\ADVAPI32.dll
0x00007fff46110000 - 0x00007fff461ae000 	C:\Windows\System32\msvcrt.dll
0x00007fff44980000 - 0x00007fff44a1e000 	C:\Windows\System32\sechost.dll
0x00007fff44040000 - 0x00007fff44162000 	C:\Windows\System32\RPCRT4.dll
0x00007fff444b0000 - 0x00007fff44647000 	C:\Windows\System32\USER32.dll
0x00007fff424c0000 - 0x00007fff424e0000 	C:\Windows\System32\win32u.dll
0x00007fff44a90000 - 0x00007fff44ab9000 	C:\Windows\System32\GDI32.dll
0x00007fff433d0000 - 0x00007fff4356a000 	C:\Windows\System32\gdi32full.dll
0x00007fff424e0000 - 0x00007fff42580000 	C:\Windows\System32\msvcp_win.dll
0x00007fff42760000 - 0x00007fff4285c000 	C:\Windows\System32\ucrtbase.dll
0x00007fff39530000 - 0x00007fff397a9000 	C:\Windows\WinSxS\amd64_microsoft.windows.common-controls_6595b64144ccf1df_6.0.17763.316_none_05b53be2071f46b6\COMCTL32.dll
0x00007fff3d370000 - 0x00007fff3d37a000 	C:\Windows\SYSTEM32\VERSION.dll
0x00007fff44650000 - 0x00007fff4497d000 	C:\Windows\System32\combase.dll
0x00007fff43350000 - 0x00007fff433ce000 	C:\Windows\System32\bcryptPrimitives.dll
0x00007fff436d0000 - 0x00007fff436fe000 	C:\Windows\System32\IMM32.DLL
0x00007fff3d640000 - 0x00007fff3d656000 	C:\Program Files\Java\jdk-11.0.2\bin\vcruntime140.dll
0x00007fff17040000 - 0x00007fff170ea000 	C:\Program Files\Java\jdk-11.0.2\bin\msvcp140.dll
0x00007fff02760000 - 0x00007fff03287000 	C:\Program Files\Java\jdk-11.0.2\bin\server\jvm.dll
0x00007fff46040000 - 0x00007fff46048000 	C:\Windows\System32\PSAPI.DLL
0x00007fff37180000 - 0x00007fff37189000 	C:\Windows\SYSTEM32\WSOCK32.dll
0x00007fff44a20000 - 0x00007fff44a8d000 	C:\Windows\System32\WS2_32.dll
0x00007fff3f6a0000 - 0x00007fff3f6c4000 	C:\Windows\SYSTEM32\WINMM.dll
0x00007fff3f580000 - 0x00007fff3f5ad000 	C:\Windows\SYSTEM32\WINMMBASE.dll
0x00007fff42410000 - 0x00007fff4245a000 	C:\Windows\System32\cfgmgr32.dll
0x00007fff423f0000 - 0x00007fff42401000 	C:\Windows\System32\kernel.appcore.dll
0x00007fff2f040000 - 0x00007fff2f051000 	C:\Program Files\Java\jdk-11.0.2\bin\verify.dll
0x00007fff41e80000 - 0x00007fff4206d000 	C:\Windows\SYSTEM32\DBGHELP.DLL
0x00007fff41d90000 - 0x00007fff41dba000 	C:\Windows\SYSTEM32\dbgcore.DLL
0x00007fff27740000 - 0x00007fff27769000 	C:\Program Files\Java\jdk-11.0.2\bin\java.dll
0x00007fff27720000 - 0x00007fff27736000 	C:\Program Files\Java\jdk-11.0.2\bin\zip.dll
0x00007fff37150000 - 0x00007fff3715a000 	C:\Program Files\Java\jdk-11.0.2\bin\jimage.dll
0x00007fff44af0000 - 0x00007fff45fdf000 	C:\Windows\System32\SHELL32.dll
0x00007fff43570000 - 0x00007fff43618000 	C:\Windows\System32\shcore.dll
0x00007fff42c00000 - 0x00007fff4334a000 	C:\Windows\System32\windows.storage.dll
0x00007fff42340000 - 0x00007fff42364000 	C:\Windows\System32\profapi.dll
0x00007fff42370000 - 0x00007fff423cd000 	C:\Windows\System32\powrprof.dll
0x00007fff46050000 - 0x00007fff460a2000 	C:\Windows\System32\shlwapi.dll
0x00007fff42890000 - 0x00007fff428a7000 	C:\Windows\System32\cryptsp.dll

dbghelp: loaded successfully - version: 4.0.5 - missing functions: none
symbol engine: initialized successfully - sym options: 0x614 - pdb path: .;C:\Program Files\Java\jdk-11.0.2\bin;C:\Windows\SYSTEM32;C:\Windows\WinSxS\amd64_microsoft.windows.common-controls_6595b64144ccf1df_6.0.17763.316_none_05b53be2071f46b6;C:\Program Files\Java\jdk-11.0.2\bin\server

VM Arguments:
jvm_args: -Dfile.encoding=Cp1252 
java_command: application.Program
java_class_path (initial): C:\Users\gabri\eclipse-workspace\EventTeste\bin;C:\Users\gabri\Documents\libs\cdi\cdi-api-2.0.SP1.jar;C:\Users\gabri\Documents\libs\cdi\javax.el-api-3.0.0.jar;C:\Users\gabri\Documents\libs\cdi\javax.inject-1.jar;C:\Users\gabri\Documents\libs\cdi\javax.interceptor-api-1.2.jar
Launcher Type: SUN_STANDARD

[Global flags]
     intx CICompilerCount                          = 3                                         {product} {ergonomic}
     uint ConcGCThreads                            = 1                                         {product} {ergonomic}
     uint G1ConcRefinementThreads                  = 4                                         {product} {ergonomic}
   size_t G1HeapRegionSize                         = 1048576                                   {product} {ergonomic}
    uintx GCDrainStackTargetSize                   = 64                                        {product} {ergonomic}
   size_t InitialHeapSize                          = 201326592                                 {product} {ergonomic}
   size_t MarkStackSize                            = 4194304                                   {product} {ergonomic}
   size_t MaxHeapSize                              = 3217031168                                {product} {ergonomic}
   size_t MaxNewSize                               = 1929379840                                {product} {ergonomic}
   size_t MinHeapDeltaBytes                        = 1048576                                   {product} {ergonomic}
    uintx NonNMethodCodeHeapSize                   = 5830092                                {pd product} {ergonomic}
    uintx NonProfiledCodeHeapSize                  = 122914074                              {pd product} {ergonomic}
    uintx ProfiledCodeHeapSize                     = 122914074                              {pd product} {ergonomic}
    uintx ReservedCodeCacheSize                    = 251658240                              {pd product} {ergonomic}
     bool SegmentedCodeCache                       = true                                      {product} {ergonomic}
     bool UseCompressedClassPointers               = true                                 {lp64_product} {ergonomic}
     bool UseCompressedOops                        = true                                 {lp64_product} {ergonomic}
     bool UseG1GC                                  = true                                      {product} {ergonomic}
     bool UseLargePagesIndividualAllocation        = false                                  {pd product} {ergonomic}

Logging:
Log output configuration:
 #0: stdout all=warning uptime,level,tags
 #1: stderr all=off uptime,level,tags

Environment Variables:
PATH=C:/Program Files/Java/jdk-11.0.2/bin/server;C:/Program Files/Java/jdk-11.0.2/bin;C:\Windows\system32;C:\Windows;C:\Windows\System32\Wbem;C:\Windows\System32\WindowsPowerShell\v1.0\;C:\Windows\System32\OpenSSH\;C:\Program Files\nodejs\;C:\Program Files\Git\cmd;C:\Program Files\NVIDIA Corporation\NVIDIA NvDLISR;C:\Program Files\dotnet\;C:\Program Files\Microsoft SQL Server\130\Tools\Binn\;C:\Users\gabri\AppData\Local\Microsoft\WindowsApps;C:\Users\gabri\AppData\Roaming\npm;C:\Users\gabri\AppData\Local\Programs\Microsoft VS Code\bin;C:\Users\gabri\Desktop;
USERNAME=gabri
OS=Windows_NT
PROCESSOR_IDENTIFIER=AMD64 Family 21 Model 2 Stepping 0, AuthenticAMD



---------------  S Y S T E M  ---------------

OS: Windows 10 , 64 bit Build 17763 (10.0.17763.292)

CPU:total 4 (initial active 4) (4 cores per cpu, 1 threads per core) family 21 model 2 stepping 0, cmov, cx8, fxsr, mmx, sse, sse2, sse3, ssse3, sse4.1, sse4.2, popcnt, avx, aes, clmul, mmxext, 3dnowpref, lzcnt, sse4a, tsc, tscinvbit, tscinv, bmi1, fma

Memory: 4k page, system-wide physical 12271M (4860M free)
TotalPageFile size 14127M (AvailPageFile size 3637M)
current process WorkingSet (physical memory assigned to process): 154M, peak: 172M
current process commit charge ("private bytes"): 265M, peak: 288M

vm_info: Java HotSpot(TM) 64-Bit Server VM (11.0.2+9-LTS) for windows-amd64 JRE (11.0.2+9-LTS), built on Jan 18 2019 05:24:10 by "mach5one" with MS VC++ 15.5 (VS2017)

END.
